<?xml version="1.0" encoding="UTF-8"?>
<testng-results ignored="1" total="4" passed="3" failed="0" skipped="0">
  <reporter-output>
  </reporter-output>
  <suite started-at="2022-09-23T12:38:00 CDT" name="Surefire suite" finished-at="2022-09-23T12:38:45 CDT" duration-ms="44805">
    <groups>
      <group name="Purchase">
        <method signature="submitTest.submitOrder(java.util.HashMap)[pri:0, instance:com.end2end.submitTest@8b13e46a]" name="submitOrder" class="com.end2end.submitTest"/>
      </group> <!-- Purchase -->
      <group name="cucumber">
        <method signature="AbstractTestNGCucumberTests.runScenario(io.cucumber.testng.PickleWrapper, io.cucumber.testng.FeatureWrapper)[pri:0, instance:com.cucumber.runner.TestNGTestRunner@e9fa7dbb]" name="runScenario" class="io.cucumber.testng.AbstractTestNGCucumberTests"/>
      </group> <!-- cucumber -->
    </groups>
    <test started-at="2022-09-23T12:38:00 CDT" name="Surefire test" finished-at="2022-09-23T12:38:45 CDT" duration-ms="44805">
      <class name="com.end2end.submitTest">
        <test-method is-config="true" signature="launchApplication()[pri:0, instance:com.end2end.submitTest@8b13e46a]" started-at="2022-09-23T12:38:02 CDT" name="launchApplication" finished-at="2022-09-23T12:38:10 CDT" duration-ms="8293" status="PASS">
          <reporter-output>
          </reporter-output>
        </test-method> <!-- launchApplication -->
        <test-method signature="submitOrder(java.util.HashMap)[pri:0, instance:com.end2end.submitTest@8b13e46a]" started-at="2022-09-23T12:38:10 CDT" name="submitOrder" data-provider="getData" finished-at="2022-09-23T12:38:20 CDT" duration-ms="10319" status="PASS">
          <params>
            <param index="0">
              <value>
                <![CDATA[{password=Abc123456$, email=ak123@gmail.com, productName=ZARA COAT 3}]]>
              </value>
            </param>
          </params>
          <reporter-output>
          </reporter-output>
        </test-method> <!-- submitOrder -->
        <test-method is-config="true" signature="launchApplication()[pri:0, instance:com.end2end.submitTest@8b13e46a]" started-at="2022-09-23T12:38:20 CDT" name="launchApplication" finished-at="2022-09-23T12:38:25 CDT" duration-ms="4861" status="PASS">
          <reporter-output>
          </reporter-output>
        </test-method> <!-- launchApplication -->
        <test-method signature="submitOrder(java.util.HashMap)[pri:0, instance:com.end2end.submitTest@8b13e46a]" started-at="2022-09-23T12:38:25 CDT" name="submitOrder" data-provider="getData" finished-at="2022-09-23T12:38:36 CDT" duration-ms="10479" status="PASS">
          <params>
            <param index="0">
              <value>
                <![CDATA[{password=Iamking@000, email=shetty@gmail.com, productName=ADIDAS ORIGINAL}]]>
              </value>
            </param>
          </params>
          <reporter-output>
          </reporter-output>
        </test-method> <!-- submitOrder -->
        <test-method is-config="true" signature="launchApplication()[pri:0, instance:com.end2end.submitTest@8b13e46a]" started-at="2022-09-23T12:38:36 CDT" name="launchApplication" finished-at="2022-09-23T12:38:41 CDT" duration-ms="5089" status="PASS">
          <reporter-output>
          </reporter-output>
        </test-method> <!-- launchApplication -->
        <test-method signature="OrderHistoryTest()[pri:0, instance:com.end2end.submitTest@8b13e46a]" started-at="2022-09-23T12:38:41 CDT" name="OrderHistoryTest" finished-at="2022-09-23T12:38:45 CDT" depends-on-methods="com.end2end.submitTest.submitOrder" duration-ms="4164" status="PASS">
          <reporter-output>
          </reporter-output>
        </test-method> <!-- OrderHistoryTest -->
        <test-method is-config="true" signature="tearDown()[pri:0, instance:com.end2end.submitTest@8b13e46a]" started-at="2022-09-23T12:38:45 CDT" name="tearDown" finished-at="2022-09-23T12:38:45 CDT" duration-ms="169" status="PASS">
          <reporter-output>
          </reporter-output>
        </test-method> <!-- tearDown -->
      </class> <!-- com.end2end.submitTest -->
      <class name="com.cucumber.runner.TestNGTestRunner">
        <test-method is-config="true" signature="setUpClass(org.testng.ITestContext)[pri:0, instance:com.cucumber.runner.TestNGTestRunner@e9fa7dbb]" started-at="2022-09-23T12:38:00 CDT" name="setUpClass" finished-at="2022-09-23T12:38:01 CDT" duration-ms="821" status="PASS">
          <params>
            <param index="0">
              <value>
                <![CDATA[org.testng.TestRunner@74cdc6b5]]>
              </value>
            </param>
          </params>
          <reporter-output>
          </reporter-output>
        </test-method> <!-- setUpClass -->
        <test-method is-config="true" signature="tearDownClass()[pri:0, instance:com.cucumber.runner.TestNGTestRunner@e9fa7dbb]" started-at="2022-09-23T12:38:01 CDT" name="tearDownClass" finished-at="2022-09-23T12:38:01 CDT" duration-ms="213" status="PASS">
          <reporter-output>
          </reporter-output>
        </test-method> <!-- tearDownClass -->
      </class> <!-- com.cucumber.runner.TestNGTestRunner -->
    </test> <!-- Surefire test -->
  </suite> <!-- Surefire suite -->
</testng-results>
