<?xml version="1.0" encoding="UTF-8"?>
<testng-results ignored="1" total="4" passed="3" failed="0" skipped="0">
  <reporter-output>
  </reporter-output>
  <suite started-at="2022-09-18T20:14:28 CDT" name="Surefire suite" finished-at="2022-09-18T20:15:11 CDT" duration-ms="43062">
    <groups>
      <group name="Purchase">
        <method signature="submitTest.submitOrder(java.util.HashMap)[pri:0, instance:com.end2end.submitTest@35a30326]" name="submitOrder" class="com.end2end.submitTest"/>
      </group> <!-- Purchase -->
    </groups>
    <test started-at="2022-09-18T20:14:28 CDT" name="Surefire test" finished-at="2022-09-18T20:15:11 CDT" duration-ms="43062">
      <class name="com.end2end.submitTest">
        <test-method is-config="true" signature="launchApplication()[pri:0, instance:com.end2end.submitTest@35a30326]" started-at="2022-09-18T20:14:29 CDT" name="launchApplication" finished-at="2022-09-18T20:14:37 CDT" duration-ms="8729" status="PASS">
          <reporter-output>
          </reporter-output>
        </test-method> <!-- launchApplication -->
        <test-method signature="submitOrder(java.util.HashMap)[pri:0, instance:com.end2end.submitTest@35a30326]" started-at="2022-09-18T20:14:37 CDT" name="submitOrder" data-provider="getData" finished-at="2022-09-18T20:14:47 CDT" duration-ms="9779" status="PASS">
          <params>
            <param index="0">
              <value>
                <![CDATA[{password=Abc123456$, email=ak123@gmail.com, productName=ZARA COAT 3}]]>
              </value>
            </param>
          </params>
          <reporter-output>
          </reporter-output>
        </test-method> <!-- submitOrder -->
        <test-method is-config="true" signature="launchApplication()[pri:0, instance:com.end2end.submitTest@35a30326]" started-at="2022-09-18T20:14:47 CDT" name="launchApplication" finished-at="2022-09-18T20:14:53 CDT" duration-ms="5449" status="PASS">
          <reporter-output>
          </reporter-output>
        </test-method> <!-- launchApplication -->
        <test-method signature="submitOrder(java.util.HashMap)[pri:0, instance:com.end2end.submitTest@35a30326]" started-at="2022-09-18T20:14:53 CDT" name="submitOrder" data-provider="getData" finished-at="2022-09-18T20:15:02 CDT" duration-ms="9775" status="PASS">
          <params>
            <param index="0">
              <value>
                <![CDATA[{password=Iamking@000, email=shetty@gmail.com, productName=ADIDAS ORIGINAL}]]>
              </value>
            </param>
          </params>
          <reporter-output>
          </reporter-output>
        </test-method> <!-- submitOrder -->
        <test-method is-config="true" signature="launchApplication()[pri:0, instance:com.end2end.submitTest@35a30326]" started-at="2022-09-18T20:15:02 CDT" name="launchApplication" finished-at="2022-09-18T20:15:07 CDT" duration-ms="4642" status="PASS">
          <reporter-output>
          </reporter-output>
        </test-method> <!-- launchApplication -->
        <test-method signature="OrderHistoryTest()[pri:0, instance:com.end2end.submitTest@35a30326]" started-at="2022-09-18T20:15:07 CDT" name="OrderHistoryTest" finished-at="2022-09-18T20:15:11 CDT" depends-on-methods="com.end2end.submitTest.submitOrder" duration-ms="3745" status="PASS">
          <reporter-output>
          </reporter-output>
        </test-method> <!-- OrderHistoryTest -->
        <test-method is-config="true" signature="tearDown()[pri:0, instance:com.end2end.submitTest@35a30326]" started-at="2022-09-18T20:15:11 CDT" name="tearDown" finished-at="2022-09-18T20:15:11 CDT" duration-ms="627" status="PASS">
          <reporter-output>
          </reporter-output>
        </test-method> <!-- tearDown -->
      </class> <!-- com.end2end.submitTest -->
    </test> <!-- Surefire test -->
  </suite> <!-- Surefire suite -->
</testng-results>
