<?xml version="1.0" encoding="UTF-8"?>
<testng-results ignored="0" total="0" passed="0" failed="0" skipped="0">
  <reporter-output>
  </reporter-output>
  <suite started-at="2022-09-16T11:02:44 CDT" name="suite" finished-at="2022-09-16T11:02:44 CDT" duration-ms="0">
    <groups>
      <group name="Purchase">
        <method signature="submitTest.submitOrder(java.util.HashMap)[pri:0, instance:com.end2end.submitTest@2a07b5a4]" name="submitOrder" class="com.end2end.submitTest"/>
      </group> <!-- Purchase -->
      <group name="ErrorValidation">
        <method signature="errorValidation.LogInPageErrorValidation()[pri:0, instance:com.end2end.errorValidation@c280ee70]" name="LogInPageErrorValidation" class="com.end2end.errorValidation"/>
      </group> <!-- ErrorValidation -->
    </groups>
  </suite> <!-- suite -->
</testng-results>
