<?xml version="1.0" encoding="UTF-8"?>
<!-- Generated by org.testng.reporters.JUnitXMLReporter -->
<testsuite ignored="0" hostname="OKCL129" failures="1" tests="2" name="Submit Order Test" time="12.766" errors="0" timestamp="2022-09-16T11:02:44 CDT">
  <testcase classname="com.end2end.errorValidation" name="LogInPageErrorValidation" time="1.005"/>
  <testcase classname="com.end2end.errorValidation" name="LogInPageErrorValidation" time="11.103">
    <failure type="java.lang.NullPointerException">
      <![CDATA[java.lang.NullPointerException
at TestingComponents.Listeners.onTestSuccess(Listeners.java:41)
at java.base/java.util.ArrayList.forEach(ArrayList.java:1507)
at java.base/java.util.concurrent.FutureTask.run(FutureTask.java:264)
at java.base/java.util.concurrent.ThreadPoolExecutor.runWorker(ThreadPoolExecutor.java:1128)
at java.base/java.util.concurrent.ThreadPoolExecutor$Worker.run(ThreadPoolExecutor.java:628)
at java.base/java.lang.Thread.run(Thread.java:847)
... Removed 17 stack frames]]>
    </failure>
  </testcase> <!-- LogInPageErrorValidation -->
</testsuite> <!-- Submit Order Test -->
