<?xml version="1.0" encoding="UTF-8"?>
<!-- Generated by org.testng.reporters.JUnitXMLReporter -->
<testsuite ignored="1" hostname="OKCL129" failures="0" tests="3" name="Surefire test" time="39.997" errors="0" timestamp="2022-09-26T11:50:26 CDT">
  <testcase classname="com.end2end.submitTest" name="submitOrder" time="9.884"/>
  <testcase classname="com.end2end.submitTest" name="submitOrder" time="9.82"/>
  <testcase classname="com.end2end.submitTest" name="OrderHistoryTest" time="3.815"/>
  <testcase classname="com.TestingComponents.BaseTest" name="@AfterTest tearDown" time="0.0">
    <ignored/>
  </testcase> <!-- @AfterTest tearDown -->
</testsuite> <!-- Surefire test -->
