<?xml version="1.0" encoding="UTF-8"?>
<!-- Generated by org.testng.reporters.JUnitXMLReporter -->
<testsuite ignored="1" hostname="OKCL129" failures="0" tests="3" name="Surefire test" time="39.915" errors="0" timestamp="2022-09-24T04:40:01 CDT">
  <testcase classname="com.end2end.submitTest" name="submitOrder" time="9.865"/>
  <testcase classname="com.end2end.submitTest" name="submitOrder" time="9.835"/>
  <testcase classname="com.end2end.submitTest" name="OrderHistoryTest" time="3.796"/>
  <testcase classname="com.TestingComponents.BaseTest" name="@AfterTest tearDown" time="0.0">
    <ignored/>
  </testcase> <!-- @AfterTest tearDown -->
</testsuite> <!-- Surefire test -->
