<?xml version="1.0" encoding="UTF-8"?>
<!-- Generated by org.testng.reporters.JUnitXMLReporter -->
<testsuite ignored="1" hostname="OKCL129" failures="0" tests="7" name="Test" time="0.031" errors="0" timestamp="2022-09-13T10:27:49 CDT">
  <testcase classname="test.java.com.TestNG.day1" name="name" time="0.002"/>
  <testcase classname="test.java.com.TestNG.day1" name="name3" time="0.0"/>
  <testcase classname="test.java.com.TestNG.day1" name="name4" time="0.0"/>
  <testcase classname="test.java.com.TestNG.day2" name="name" time="0.001"/>
  <testcase classname="test.java.com.TestNG.day2" name="name2" time="0.0"/>
  <testcase classname="test.java.com.TestNG.day2" name="name3" time="0.0"/>
  <testcase classname="test.java.com.TestNG.day2" name="name4" time="0.0"/>
  <testcase classname="test.java.com.TestNG.day1" name="name2" time="0.0">
    <ignored/>
  </testcase> <!-- name2 -->
</testsuite> <!-- Test -->
