<?xml version="1.0" encoding="UTF-8"?>
<testng-results ignored="1" total="4" passed="3" failed="0" skipped="0">
  <reporter-output>
  </reporter-output>
  <suite started-at="2022-09-23T16:27:34 CDT" name="Surefire suite" finished-at="2022-09-23T16:28:20 CDT" duration-ms="46166">
    <groups>
      <group name="Purchase">
        <method signature="submitTest.submitOrder(java.util.HashMap)[pri:0, instance:com.end2end.submitTest@7505cd94]" name="submitOrder" class="com.end2end.submitTest"/>
      </group> <!-- Purchase -->
      <group name="cucumber">
        <method signature="AbstractTestNGCucumberTests.runScenario(io.cucumber.testng.PickleWrapper, io.cucumber.testng.FeatureWrapper)[pri:0, instance:com.cucumber.runner.TestNGTestRunner@b3c40944]" name="runScenario" class="io.cucumber.testng.AbstractTestNGCucumberTests"/>
      </group> <!-- cucumber -->
    </groups>
    <test started-at="2022-09-23T16:27:34 CDT" name="Surefire test" finished-at="2022-09-23T16:28:20 CDT" duration-ms="46166">
      <class name="com.end2end.submitTest">
        <test-method is-config="true" signature="launchApplication()[pri:0, instance:com.end2end.submitTest@7505cd94]" started-at="2022-09-23T16:27:35 CDT" name="launchApplication" finished-at="2022-09-23T16:27:44 CDT" duration-ms="9189" status="PASS">
          <reporter-output>
          </reporter-output>
        </test-method> <!-- launchApplication -->
        <test-method signature="submitOrder(java.util.HashMap)[pri:0, instance:com.end2end.submitTest@7505cd94]" started-at="2022-09-23T16:27:44 CDT" name="submitOrder" data-provider="getData" finished-at="2022-09-23T16:27:55 CDT" duration-ms="10247" status="PASS">
          <params>
            <param index="0">
              <value>
                <![CDATA[{password=Abc123456$, email=ak123@gmail.com, productName=ZARA COAT 3}]]>
              </value>
            </param>
          </params>
          <reporter-output>
          </reporter-output>
        </test-method> <!-- submitOrder -->
        <test-method is-config="true" signature="launchApplication()[pri:0, instance:com.end2end.submitTest@7505cd94]" started-at="2022-09-23T16:27:55 CDT" name="launchApplication" finished-at="2022-09-23T16:28:00 CDT" duration-ms="5236" status="PASS">
          <reporter-output>
          </reporter-output>
        </test-method> <!-- launchApplication -->
        <test-method signature="submitOrder(java.util.HashMap)[pri:0, instance:com.end2end.submitTest@7505cd94]" started-at="2022-09-23T16:28:00 CDT" name="submitOrder" data-provider="getData" finished-at="2022-09-23T16:28:10 CDT" duration-ms="10527" status="PASS">
          <params>
            <param index="0">
              <value>
                <![CDATA[{password=Iamking@000, email=shetty@gmail.com, productName=ADIDAS ORIGINAL}]]>
              </value>
            </param>
          </params>
          <reporter-output>
          </reporter-output>
        </test-method> <!-- submitOrder -->
        <test-method is-config="true" signature="launchApplication()[pri:0, instance:com.end2end.submitTest@7505cd94]" started-at="2022-09-23T16:28:10 CDT" name="launchApplication" finished-at="2022-09-23T16:28:16 CDT" duration-ms="5627" status="PASS">
          <reporter-output>
          </reporter-output>
        </test-method> <!-- launchApplication -->
        <test-method signature="OrderHistoryTest()[pri:0, instance:com.end2end.submitTest@7505cd94]" started-at="2022-09-23T16:28:16 CDT" name="OrderHistoryTest" finished-at="2022-09-23T16:28:20 CDT" depends-on-methods="com.end2end.submitTest.submitOrder" duration-ms="3956" status="PASS">
          <reporter-output>
          </reporter-output>
        </test-method> <!-- OrderHistoryTest -->
        <test-method is-config="true" signature="tearDown()[pri:0, instance:com.end2end.submitTest@7505cd94]" started-at="2022-09-23T16:28:20 CDT" name="tearDown" finished-at="2022-09-23T16:28:20 CDT" duration-ms="78" status="PASS">
          <reporter-output>
          </reporter-output>
        </test-method> <!-- tearDown -->
      </class> <!-- com.end2end.submitTest -->
      <class name="com.cucumber.runner.TestNGTestRunner">
        <test-method is-config="true" signature="setUpClass(org.testng.ITestContext)[pri:0, instance:com.cucumber.runner.TestNGTestRunner@b3c40944]" started-at="2022-09-23T16:27:34 CDT" name="setUpClass" finished-at="2022-09-23T16:27:35 CDT" duration-ms="686" status="PASS">
          <params>
            <param index="0">
              <value>
                <![CDATA[org.testng.TestRunner@57bcbdb2]]>
              </value>
            </param>
          </params>
          <reporter-output>
          </reporter-output>
        </test-method> <!-- setUpClass -->
        <test-method is-config="true" signature="tearDownClass()[pri:0, instance:com.cucumber.runner.TestNGTestRunner@b3c40944]" started-at="2022-09-23T16:27:35 CDT" name="tearDownClass" finished-at="2022-09-23T16:27:35 CDT" duration-ms="198" status="PASS">
          <reporter-output>
          </reporter-output>
        </test-method> <!-- tearDownClass -->
      </class> <!-- com.cucumber.runner.TestNGTestRunner -->
    </test> <!-- Surefire test -->
  </suite> <!-- Surefire suite -->
</testng-results>
