<?xml version="1.0" encoding="UTF-8"?>
<testng-results ignored="1" total="4" passed="3" failed="0" skipped="0">
  <reporter-output>
  </reporter-output>
  <suite started-at="2022-09-26T11:49:46 CDT" name="Surefire suite" finished-at="2022-09-26T11:50:26 CDT" duration-ms="39997">
    <groups>
      <group name="Purchase">
        <method signature="submitTest.submitOrder(java.util.HashMap)[pri:0, instance:com.end2end.submitTest@c5186fa8]" name="submitOrder" class="com.end2end.submitTest"/>
      </group> <!-- Purchase -->
      <group name="cucumber">
        <method signature="AbstractTestNGCucumberTests.runScenario(io.cucumber.testng.PickleWrapper, io.cucumber.testng.FeatureWrapper)[pri:0, instance:com.cucumber.runner.TestNGTestRunner@988a0b6d]" name="runScenario" class="io.cucumber.testng.AbstractTestNGCucumberTests"/>
      </group> <!-- cucumber -->
    </groups>
    <test started-at="2022-09-26T11:49:46 CDT" name="Surefire test" finished-at="2022-09-26T11:50:26 CDT" duration-ms="39997">
      <class name="com.end2end.submitTest">
        <test-method is-config="true" signature="launchApplication()[pri:0, instance:com.end2end.submitTest@c5186fa8]" started-at="2022-09-26T11:49:47 CDT" name="launchApplication" finished-at="2022-09-26T11:49:54 CDT" duration-ms="6544" status="PASS">
          <reporter-output>
          </reporter-output>
        </test-method> <!-- launchApplication -->
        <test-method signature="submitOrder(java.util.HashMap)[pri:0, instance:com.end2end.submitTest@c5186fa8]" started-at="2022-09-26T11:49:54 CDT" name="submitOrder" data-provider="getData" finished-at="2022-09-26T11:50:03 CDT" duration-ms="9884" status="PASS">
          <params>
            <param index="0">
              <value>
                <![CDATA[{password=Abc123456$, email=ak123@gmail.com, productName=ZARA COAT 3}]]>
              </value>
            </param>
          </params>
          <reporter-output>
          </reporter-output>
        </test-method> <!-- submitOrder -->
        <test-method is-config="true" signature="launchApplication()[pri:0, instance:com.end2end.submitTest@c5186fa8]" started-at="2022-09-26T11:50:03 CDT" name="launchApplication" finished-at="2022-09-26T11:50:08 CDT" duration-ms="4724" status="PASS">
          <reporter-output>
          </reporter-output>
        </test-method> <!-- launchApplication -->
        <test-method signature="submitOrder(java.util.HashMap)[pri:0, instance:com.end2end.submitTest@c5186fa8]" started-at="2022-09-26T11:50:08 CDT" name="submitOrder" data-provider="getData" finished-at="2022-09-26T11:50:18 CDT" duration-ms="9820" status="PASS">
          <params>
            <param index="0">
              <value>
                <![CDATA[{password=Iamking@000, email=shetty@gmail.com, productName=ADIDAS ORIGINAL}]]>
              </value>
            </param>
          </params>
          <reporter-output>
          </reporter-output>
        </test-method> <!-- submitOrder -->
        <test-method is-config="true" signature="launchApplication()[pri:0, instance:com.end2end.submitTest@c5186fa8]" started-at="2022-09-26T11:50:18 CDT" name="launchApplication" finished-at="2022-09-26T11:50:22 CDT" duration-ms="4462" status="PASS">
          <reporter-output>
          </reporter-output>
        </test-method> <!-- launchApplication -->
        <test-method signature="OrderHistoryTest()[pri:0, instance:com.end2end.submitTest@c5186fa8]" started-at="2022-09-26T11:50:22 CDT" name="OrderHistoryTest" finished-at="2022-09-26T11:50:26 CDT" depends-on-methods="com.end2end.submitTest.submitOrder" duration-ms="3815" status="PASS">
          <reporter-output>
          </reporter-output>
        </test-method> <!-- OrderHistoryTest -->
        <test-method is-config="true" signature="tearDown()[pri:0, instance:com.end2end.submitTest@c5186fa8]" started-at="2022-09-26T11:50:26 CDT" name="tearDown" finished-at="2022-09-26T11:50:26 CDT" duration-ms="64" status="PASS">
          <reporter-output>
          </reporter-output>
        </test-method> <!-- tearDown -->
      </class> <!-- com.end2end.submitTest -->
      <class name="com.cucumber.runner.TestNGTestRunner">
        <test-method is-config="true" signature="setUpClass(org.testng.ITestContext)[pri:0, instance:com.cucumber.runner.TestNGTestRunner@988a0b6d]" started-at="2022-09-26T11:49:46 CDT" name="setUpClass" finished-at="2022-09-26T11:49:47 CDT" duration-ms="336" status="PASS">
          <params>
            <param index="0">
              <value>
                <![CDATA[org.testng.TestRunner@6be4cc28]]>
              </value>
            </param>
          </params>
          <reporter-output>
          </reporter-output>
        </test-method> <!-- setUpClass -->
        <test-method is-config="true" signature="tearDownClass()[pri:0, instance:com.cucumber.runner.TestNGTestRunner@988a0b6d]" started-at="2022-09-26T11:49:47 CDT" name="tearDownClass" finished-at="2022-09-26T11:49:47 CDT" duration-ms="116" status="PASS">
          <reporter-output>
          </reporter-output>
        </test-method> <!-- tearDownClass -->
      </class> <!-- com.cucumber.runner.TestNGTestRunner -->
    </test> <!-- Surefire test -->
  </suite> <!-- Surefire suite -->
</testng-results>
