<?xml version="1.0" encoding="UTF-8"?>
<!-- Generated by org.testng.reporters.JUnitXMLReporter -->
<testsuite ignored="1" hostname="OKCL129" failures="0" tests="3" name="Surefire test" time="44.805" errors="0" timestamp="2022-09-23T12:38:45 CDT">
  <testcase classname="com.end2end.submitTest" name="submitOrder" time="10.319"/>
  <testcase classname="com.end2end.submitTest" name="submitOrder" time="10.479"/>
  <testcase classname="com.end2end.submitTest" name="OrderHistoryTest" time="4.164"/>
  <testcase classname="com.TestingComponents.BaseTest" name="@AfterTest tearDown" time="0.0">
    <ignored/>
  </testcase> <!-- @AfterTest tearDown -->
</testsuite> <!-- Surefire test -->
